[debug] [2021-05-30T09:19:57.842Z] ----------------------------------------------------------------------
[debug] [2021-05-30T09:19:57.845Z] Command:       C:\Program Files\nodejs\node.exe C:\Users\LENOVO\AppData\Roaming\npm\node_modules\firebase-tools\lib\bin\firebase.js login
[debug] [2021-05-30T09:19:57.846Z] CLI Version:   9.12.0
[debug] [2021-05-30T09:19:57.846Z] Platform:      win32
[debug] [2021-05-30T09:19:57.846Z] Node Version:  v14.17.0
[debug] [2021-05-30T09:19:57.847Z] Time:          Sun May 30 2021 14:49:57 GMT+0530 (India Standard Time)
[debug] [2021-05-30T09:19:57.848Z] ----------------------------------------------------------------------
[debug] 
[debug] [2021-05-30T09:19:57.851Z] >>> [apiv2][query] GET https://firebase-public.firebaseio.com/cli.json [none]
[info] i  Firebase optionally collects CLI usage and error reporting information to help improve our products. Data is collected in accordance with Google's privacy policy (https://policies.google.com/privacy) and is not used to identify you.
 
[debug] [2021-05-30T09:19:59.006Z] <<< [apiv2][status] GET https://firebase-public.firebaseio.com/cli.json 200
[debug] [2021-05-30T09:19:59.006Z] <<< [apiv2][body] GET https://firebase-public.firebaseio.com/cli.json {"cloudBuildErrorAfter":1594252800000,"cloudBuildWarnAfter":1590019200000,"defaultNode10After":1594252800000,"minVersion":"3.0.5","node8DeploysDisabledAfter":1613390400000,"node8RuntimeDisabledAfter":1615809600000,"node8WarnAfter":1600128000000}
[info] i  To change your data collection preference at any time, run `firebase logout` and log in again. 
[info] 
[info] Visit this URL on this device to log in:
[info] https://accounts.google.com/o/oauth2/auth?client_id=563584335869-fgrhgmd47bqnekij5i8b5pr03ho849e6.apps.googleusercontent.com&scope=email%20openid%20https%3A%2F%2Fwww.googleapis.com%2Fauth%2Fcloudplatformprojects.readonly%20https%3A%2F%2Fwww.googleapis.com%2Fauth%2Ffirebase%20https%3A%2F%2Fwww.googleapis.com%2Fauth%2Fcloud-platform&response_type=code&state=38715872&redirect_uri=http%3A%2F%2Flocalhost%3A9005
[info] 
[info] Waiting for authentication...
[debug] [2021-05-30T09:20:02.083Z] Error: spawn cmd ENOENT
    at Process.ChildProcess._handle.onexit (internal/child_process.js:269:19)
    at onErrorNT (internal/child_process.js:467:16)
    at processTicksAndRejections (internal/process/task_queues.js:82:21)
[error] 
[error] Error: An unexpected error has occurred.
[debug] [2021-05-30T09:20:10.676Z] ----------------------------------------------------------------------
[debug] [2021-05-30T09:20:10.679Z] Command:       C:\Program Files\nodejs\node.exe C:\Users\LENOVO\AppData\Roaming\npm\node_modules\firebase-tools\lib\bin\firebase.js login
[debug] [2021-05-30T09:20:10.679Z] CLI Version:   9.12.0
[debug] [2021-05-30T09:20:10.679Z] Platform:      win32
[debug] [2021-05-30T09:20:10.679Z] Node Version:  v14.17.0
[debug] [2021-05-30T09:20:10.681Z] Time:          Sun May 30 2021 14:50:10 GMT+0530 (India Standard Time)
[debug] [2021-05-30T09:20:10.681Z] ----------------------------------------------------------------------
[debug] 
[info] i  Firebase optionally collects CLI usage and error reporting information to help improve our products. Data is collected in accordance with Google's privacy policy (https://policies.google.com/privacy) and is not used to identify you.
 
[info] i  To change your data collection preference at any time, run `firebase logout` and log in again. 
[info] 
[info] Visit this URL on this device to log in:
[info] https://accounts.google.com/o/oauth2/auth?client_id=563584335869-fgrhgmd47bqnekij5i8b5pr03ho849e6.apps.googleusercontent.com&scope=email%20openid%20https%3A%2F%2Fwww.googleapis.com%2Fauth%2Fcloudplatformprojects.readonly%20https%3A%2F%2Fwww.googleapis.com%2Fauth%2Ffirebase%20https%3A%2F%2Fwww.googleapis.com%2Fauth%2Fcloud-platform&response_type=code&state=609833947&redirect_uri=http%3A%2F%2Flocalhost%3A9005
[info] 
[info] Waiting for authentication...
[debug] [2021-05-30T09:20:13.843Z] Error: spawn cmd ENOENT
    at Process.ChildProcess._handle.onexit (internal/child_process.js:269:19)
    at onErrorNT (internal/child_process.js:467:16)
    at processTicksAndRejections (internal/process/task_queues.js:82:21)
[error] 
[error] Error: An unexpected error has occurred.
